[0.022s] Invoking command in '/home/ismail2/colcon_ws/src/my_service/build/my_service': CMAKE_PREFIX_PATH=/home/ismail2/colcon_ws/src/install/soso:/home/ismail2/colcon_ws/src/install/control_car:/home/ismail2/colcon_ws/install/soso:/opt/ros/foxy:${CMAKE_PREFIX_PATH} /usr/bin/cmake /home/ismail2/colcon_ws/src/my_service -DAMENT_CMAKE_SYMLINK_INSTALL=1 -DCMAKE_INSTALL_PREFIX=/home/ismail2/colcon_ws/src/my_service/install/my_service
[0.035s] -- Found ament_cmake: 0.9.12 (/opt/ros/foxy/share/ament_cmake/cmake)
[0.067s] -- Found PythonInterp: /usr/bin/python3 (found suitable version "3.8.10", minimum required is "3") 
[0.067s] -- Using PYTHON_EXECUTABLE: /usr/bin/python3
[0.272s] -- Override CMake install command with custom implementation using symlinks instead of copying resources
[0.278s] -- Found std_msgs: 2.0.5 (/opt/ros/foxy/share/std_msgs/cmake)
[0.296s] -- Using all available rosidl_typesupport_c: rosidl_typesupport_fastrtps_c;rosidl_typesupport_introspection_c
[0.299s] -- Found rosidl_adapter: 1.3.1 (/opt/ros/foxy/share/rosidl_adapter/cmake)
[0.420s] -- Using all available rosidl_typesupport_cpp: rosidl_typesupport_fastrtps_cpp;rosidl_typesupport_introspection_cpp
[0.461s] -- Found rosidl_default_generators: 1.0.1 (/opt/ros/foxy/share/rosidl_default_generators/cmake)
[0.496s] -- Found PythonInterp: /usr/bin/python3 (found version "3.8.10") 
[0.666s] -- Configuring incomplete, errors occurred!
[0.666s] See also "/home/ismail2/colcon_ws/src/my_service/build/my_service/CMakeFiles/CMakeOutput.log".
[0.667s] CMake Error at /opt/ros/foxy/share/rosidl_adapter/cmake/rosidl_adapt_interfaces.cmake:60 (message):
[0.667s]   execute_process(/usr/bin/python3 -m rosidl_adapter --package-name
[0.667s]   my_service --arguments-file
[0.667s]   /home/ismail2/colcon_ws/src/my_service/build/my_service/rosidl_adapter__arguments__my_service.json
[0.667s]   --output-dir
[0.667s]   /home/ismail2/colcon_ws/src/my_service/build/my_service/rosidl_adapter/my_service
[0.667s]   --output-file
[0.667s]   /home/ismail2/colcon_ws/src/my_service/build/my_service/rosidl_adapter/my_service.idls)
[0.667s]   returned error code 1:
[0.667s] 
[0.667s]   Traceback (most recent call last):
[0.667s] 
[0.667s]     File "/usr/lib/python3.8/runpy.py", line 194, in _run_module_as_main
[0.668s]       return _run_code(code, main_globals, None,
[0.668s]     File "/usr/lib/python3.8/runpy.py", line 87, in _run_code
[0.668s]       exec(code, run_globals)
[0.668s]     File "/opt/ros/foxy/lib/python3.8/site-packages/rosidl_adapter/__main__.py", line 19, in <module>
[0.668s]       sys.exit(main())
[0.668s]     File "/opt/ros/foxy/lib/python3.8/site-packages/rosidl_adapter/main.py", line 53, in main
[0.668s]       abs_idl_file = convert_to_idl(
[0.668s]     File "/opt/ros/foxy/lib/python3.8/site-packages/rosidl_adapter/__init__.py", line 24, in convert_to_idl
[0.668s]       return convert_srv_to_idl(
[0.668s]     File "/opt/ros/foxy/lib/python3.8/site-packages/rosidl_adapter/srv/__init__.py", line 28, in convert_srv_to_idl
[0.668s]       srv = parse_service_string(package_name, input_file.stem, content)
[0.668s]     File "/opt/ros/foxy/lib/python3.8/site-packages/rosidl_adapter/parser.py", line 852, in parse_service_string
[0.668s]       request_message = parse_message_string(
[0.668s]     File "/opt/ros/foxy/lib/python3.8/site-packages/rosidl_adapter/parser.py", line 540, in parse_message_string
[0.668s]       msg = MessageSpecification(pkg_name, msg_name, fields, constants)
[0.668s]     File "/opt/ros/foxy/lib/python3.8/site-packages/rosidl_adapter/parser.py", line 387, in __init__
[0.668s]       self.base_type = BaseType(
[0.668s]     File "/opt/ros/foxy/lib/python3.8/site-packages/rosidl_adapter/parser.py", line 204, in __init__
[0.668s]       raise InvalidResourceName(
[0.669s] 
[0.669s]   rosidl_adapter.parser.InvalidResourceName: 'myservice_Request' is an
[0.669s]   invalid message name.  It should have the pattern '^[A-Z][A-Za-z0-9]*$'
[0.669s] 
[0.669s] Call Stack (most recent call first):
[0.669s]   /opt/ros/foxy/share/rosidl_cmake/cmake/rosidl_generate_interfaces.cmake:130 (rosidl_adapt_interfaces)
[0.669s]   CMakeLists.txt:23 (rosidl_generate_interfaces)
[0.669s] 
[0.669s] 
[0.672s] Invoked command in '/home/ismail2/colcon_ws/src/my_service/build/my_service' returned '1': CMAKE_PREFIX_PATH=/home/ismail2/colcon_ws/src/install/soso:/home/ismail2/colcon_ws/src/install/control_car:/home/ismail2/colcon_ws/install/soso:/opt/ros/foxy:${CMAKE_PREFIX_PATH} /usr/bin/cmake /home/ismail2/colcon_ws/src/my_service -DAMENT_CMAKE_SYMLINK_INSTALL=1 -DCMAKE_INSTALL_PREFIX=/home/ismail2/colcon_ws/src/my_service/install/my_service
