Logger initialized...
2025-09-12 14:46:21 PM [INFO] Vehicle has been initialized...
2025-09-12 14:46:21 PM [INFO] Vehicle sensors updated: Speed = 39, Distance = 19, Temperature = 85, Battery Level = 74
2025-09-12 14:46:21 PM [INFO] Dashboard displayed...
2025-09-12 14:46:21 PM [WARNING] Diagnostics: Engine's temperature is high!
Logger initialized...
2025-09-12 14:47:23 PM [INFO] Vehicle has been initialized...
2025-09-12 14:47:23 PM [INFO] Vehicle sensors updated: Speed = 182, Distance = 0, Temperature = 22, Battery Level = 54
2025-09-12 14:47:23 PM [INFO] Dashboard displayed...
2025-09-12 14:47:23 PM [WARNING] Diagnostics: Speed is very high!
2025-09-12 14:47:23 PM [CRITICAL] Diagnostics: Object is too close!
2025-09-12 14:47:23 PM [WARNING] AdaptiveCruiseControl: Automatic decelerating activated... Speed is very high!
2025-09-12 14:47:23 PM [CRITICAL] AdaptiveCruiseControl: Automatic brake activated... An object is infront of you!
2025-09-12 14:47:23 PM [INFO] Vehicle control executed...
2025-09-12 14:47:25 PM [INFO] Vehicle sensors updated: Speed = 104, Distance = 18, Temperature = 13, Battery Level = 6
2025-09-12 14:47:25 PM [INFO] Dashboard displayed...
2025-09-12 14:47:25 PM [WARNING] Diagnostics: Battery level is low!
2025-09-12 14:47:25 PM [INFO] Vehicle control executed...
2025-09-12 14:47:27 PM [INFO] Vehicle sensors updated: Speed = 165, Distance = 15, Temperature = 95, Battery Level = 24
2025-09-12 14:47:27 PM [INFO] Dashboard displayed...
2025-09-12 14:47:27 PM [WARNING] Diagnostics: Speed is very high!
2025-09-12 14:47:27 PM [WARNING] Diagnostics: Engine's temperature is high!
2025-09-12 14:47:27 PM [WARNING] AdaptiveCruiseControl: Automatic decelerating activated... Speed is very high!
2025-09-12 14:47:27 PM [CRITICAL] AdaptiveCruiseControl: Automatic parking activated... Car temperature is very high!
2025-09-12 14:47:27 PM [INFO] Vehicle control executed...
2025-09-12 14:47:29 PM [INFO] Vehicle sensors updated: Speed = 137, Distance = 0, Temperature = 46, Battery Level = 92
2025-09-12 14:47:29 PM [INFO] Dashboard displayed...
2025-09-12 14:47:29 PM [CRITICAL] Diagnostics: Object is too close!
2025-09-12 14:47:29 PM [CRITICAL] AdaptiveCruiseControl: Automatic brake activated... An object is infront of you!
2025-09-12 14:47:29 PM [INFO] Vehicle control executed...
2025-09-12 14:47:31 PM [INFO] Vehicle sensors updated: Speed = 68, Distance = 4, Temperature = 41, Battery Level = 81
2025-09-12 14:47:31 PM [INFO] Dashboard displayed...
2025-09-12 14:47:31 PM [CRITICAL] Diagnostics: Object is too close!
2025-09-12 14:47:31 PM [CRITICAL] AdaptiveCruiseControl: Automatic brake activated... An object is infront of you!
2025-09-12 14:47:31 PM [INFO] Vehicle control executed...
2025-09-12 14:47:33 PM [INFO] Vehicle sensors updated: Speed = 13, Distance = 39, Temperature = 10, Battery Level = 100
2025-09-12 14:47:33 PM [INFO] Dashboard displayed...
2025-09-12 14:47:33 PM [INFO] Vehicle control executed...
2025-09-12 14:47:35 PM [INFO] Vehicle sensors updated: Speed = 48, Distance = 2, Temperature = 25, Battery Level = 23
2025-09-12 14:47:35 PM [INFO] Dashboard displayed...
2025-09-12 14:47:35 PM [CRITICAL] Diagnostics: Object is too close!
2025-09-12 14:47:35 PM [CRITICAL] AdaptiveCruiseControl: Automatic brake activated... An object is infront of you!
2025-09-12 14:47:35 PM [INFO] Vehicle control executed...
2025-09-12 14:47:37 PM [INFO] Vehicle sensors updated: Speed = 51, Distance = 27, Temperature = 22, Battery Level = 17
2025-09-12 14:47:37 PM [INFO] Dashboard displayed...
2025-09-12 14:47:37 PM [WARNING] Diagnostics: Battery level is low!
2025-09-12 14:47:37 PM [INFO] Vehicle control executed...
2025-09-12 14:47:39 PM [INFO] Vehicle sensors updated: Speed = 46, Distance = 31, Temperature = 56, Battery Level = 53
2025-09-12 14:47:39 PM [INFO] Dashboard displayed...
2025-09-12 14:47:39 PM [WARNING] Diagnostics: Engine's temperature is high!
2025-09-12 14:47:39 PM [WARNING] AdaptiveCruiseControl: Automatic decelerating activated... Car temperature is high!
2025-09-12 14:47:39 PM [INFO] Vehicle control executed...
